2024-02-04T17:38:54.745+0900 [DEBUG] [org.gradle.launcher.daemon.bootstrap.DaemonMain] Assuming the daemon was started with following jvm opts: [--add-opens, java.base/java.util=ALL-UNNAMED, --add-opens, java.base/java.lang=ALL-UNNAMED, --add-opens, java.base/java.lang.invoke=ALL-UNNAMED, --add-opens, java.base/java.util=ALL-UNNAMED, --add-opens, java.prefs/java.util.prefs=ALL-UNNAMED, --add-opens, java.prefs/java.util.prefs=ALL-UNNAMED, --add-opens, java.base/java.nio.charset=ALL-UNNAMED, --add-opens, java.base/java.net=ALL-UNNAMED, --add-opens, java.base/java.util.concurrent.atomic=ALL-UNNAMED, -XX:MaxMetaspaceSize=256m, -XX:+HeapDumpOnOutOfMemoryError, -Xms256m, -Xmx512m, -Dfile.encoding=UTF-8, -Duser.country=KR, -Duser.language=ko, -Duser.variant]
2024-02-04T17:38:54.819+0900 [INFO] [org.gradle.launcher.daemon.server.Daemon] start() called on daemon - DefaultDaemonContext[uid=a702ece9-9e6f-4c71-aeb2-fcc89f0e9b85,javaHome=/Library/Java/JavaVirtualMachines/jdk-17.jdk/Contents/Home,daemonRegistryDir=/Users/electrozone/Backend/gradle/wrapper/daemon,pid=9671,idleTimeout=10800000,priority=NORMAL,daemonOpts=--add-opens,java.base/java.util=ALL-UNNAMED,--add-opens,java.base/java.lang=ALL-UNNAMED,--add-opens,java.base/java.lang.invoke=ALL-UNNAMED,--add-opens,java.base/java.util=ALL-UNNAMED,--add-opens,java.prefs/java.util.prefs=ALL-UNNAMED,--add-opens,java.prefs/java.util.prefs=ALL-UNNAMED,--add-opens,java.base/java.nio.charset=ALL-UNNAMED,--add-opens,java.base/java.net=ALL-UNNAMED,--add-opens,java.base/java.util.concurrent.atomic=ALL-UNNAMED,-XX:MaxMetaspaceSize=256m,-XX:+HeapDumpOnOutOfMemoryError,-Xms256m,-Xmx512m,-Dfile.encoding=UTF-8,-Duser.country=KR,-Duser.language=ko,-Duser.variant]
2024-02-04T17:38:54.843+0900 [DEBUG] [org.gradle.internal.remote.internal.inet.InetAddresses] Adding IP addresses for network interface utun3
2024-02-04T17:38:54.843+0900 [DEBUG] [org.gradle.internal.remote.internal.inet.InetAddresses] Is this a loopback interface? false
2024-02-04T17:38:54.843+0900 [DEBUG] [org.gradle.internal.remote.internal.inet.InetAddresses] Adding remote address /fe80:0:0:0:ce81:b1c:bd2c:69e%utun3
2024-02-04T17:38:54.844+0900 [DEBUG] [org.gradle.internal.remote.internal.inet.InetAddresses] Adding IP addresses for network interface utun2
2024-02-04T17:38:54.844+0900 [DEBUG] [org.gradle.internal.remote.internal.inet.InetAddresses] Is this a loopback interface? false
2024-02-04T17:38:54.844+0900 [DEBUG] [org.gradle.internal.remote.internal.inet.InetAddresses] Adding remote address /fe80:0:0:0:ae50:332c:6d08:72e9%utun2
2024-02-04T17:38:54.844+0900 [DEBUG] [org.gradle.internal.remote.internal.inet.InetAddresses] Adding IP addresses for network interface utun1
2024-02-04T17:38:54.844+0900 [DEBUG] [org.gradle.internal.remote.internal.inet.InetAddresses] Is this a loopback interface? false
2024-02-04T17:38:54.844+0900 [DEBUG] [org.gradle.internal.remote.internal.inet.InetAddresses] Adding remote address /fe80:0:0:0:9ad6:e87a:94bc:b632%utun1
2024-02-04T17:38:54.845+0900 [DEBUG] [org.gradle.internal.remote.internal.inet.InetAddresses] Adding IP addresses for network interface utun0
2024-02-04T17:38:54.845+0900 [DEBUG] [org.gradle.internal.remote.internal.inet.InetAddresses] Is this a loopback interface? false
2024-02-04T17:38:54.845+0900 [DEBUG] [org.gradle.internal.remote.internal.inet.InetAddresses] Adding remote address /fe80:0:0:0:a0a:1a1e:435e:41e9%utun0
2024-02-04T17:38:54.845+0900 [DEBUG] [org.gradle.internal.remote.internal.inet.InetAddresses] Adding IP addresses for network interface llw0
2024-02-04T17:38:54.845+0900 [DEBUG] [org.gradle.internal.remote.internal.inet.InetAddresses] Is this a loopback interface? false
2024-02-04T17:38:54.845+0900 [DEBUG] [org.gradle.internal.remote.internal.inet.InetAddresses] Adding remote address /fe80:0:0:0:40e4:92ff:fe3d:6083%llw0
2024-02-04T17:38:54.845+0900 [DEBUG] [org.gradle.internal.remote.internal.inet.InetAddresses] Adding IP addresses for network interface awdl0
2024-02-04T17:38:54.845+0900 [DEBUG] [org.gradle.internal.remote.internal.inet.InetAddresses] Is this a loopback interface? false
2024-02-04T17:38:54.845+0900 [DEBUG] [org.gradle.internal.remote.internal.inet.InetAddresses] Adding remote address /fe80:0:0:0:40e4:92ff:fe3d:6083%awdl0
2024-02-04T17:38:54.845+0900 [DEBUG] [org.gradle.internal.remote.internal.inet.InetAddresses] Adding IP addresses for network interface ap1
2024-02-04T17:38:54.846+0900 [DEBUG] [org.gradle.internal.remote.internal.inet.InetAddresses] Is this a loopback interface? false
2024-02-04T17:38:54.846+0900 [DEBUG] [org.gradle.internal.remote.internal.inet.InetAddresses] Adding remote address /fe80:0:0:0:70ed:3cff:fe05:4fa%ap1
2024-02-04T17:38:54.846+0900 [DEBUG] [org.gradle.internal.remote.internal.inet.InetAddresses] Adding IP addresses for network interface en0
2024-02-04T17:38:54.846+0900 [DEBUG] [org.gradle.internal.remote.internal.inet.InetAddresses] Is this a loopback interface? false
2024-02-04T17:38:54.846+0900 [DEBUG] [org.gradle.internal.remote.internal.inet.InetAddresses] Adding remote address /fe80:0:0:0:108e:e7a6:47ea:ed7f%en0
2024-02-04T17:38:54.846+0900 [DEBUG] [org.gradle.internal.remote.internal.inet.InetAddresses] Adding remote address /192.168.0.6
2024-02-04T17:38:54.846+0900 [DEBUG] [org.gradle.internal.remote.internal.inet.InetAddresses] Adding IP addresses for network interface lo0
2024-02-04T17:38:54.846+0900 [DEBUG] [org.gradle.internal.remote.internal.inet.InetAddresses] Is this a loopback interface? true
2024-02-04T17:38:54.846+0900 [DEBUG] [org.gradle.internal.remote.internal.inet.InetAddresses] Ignoring remote address on loopback interface /fe80:0:0:0:0:0:0:1%lo0
2024-02-04T17:38:54.846+0900 [DEBUG] [org.gradle.internal.remote.internal.inet.InetAddresses] Adding loopback address /0:0:0:0:0:0:0:1%lo0
2024-02-04T17:38:54.846+0900 [DEBUG] [org.gradle.internal.remote.internal.inet.InetAddresses] Adding loopback address /127.0.0.1
2024-02-04T17:38:54.849+0900 [DEBUG] [org.gradle.internal.remote.internal.inet.TcpIncomingConnector] Listening on [612d5ab5-8c97-40e4-81bd-e2ed256784a2 port:59599, addresses:[localhost/127.0.0.1]].
2024-02-04T17:38:54.857+0900 [DEBUG] [org.gradle.launcher.daemon.server.Daemon] Daemon starting at: Sun Feb 04 17:38:54 KST 2024, with address: [612d5ab5-8c97-40e4-81bd-e2ed256784a2 port:59599, addresses:[localhost/127.0.0.1]]
2024-02-04T17:38:54.857+0900 [INFO] [org.gradle.launcher.daemon.server.DaemonRegistryUpdater] Advertising the daemon address to the clients: [612d5ab5-8c97-40e4-81bd-e2ed256784a2 port:59599, addresses:[localhost/127.0.0.1]]
2024-02-04T17:38:54.857+0900 [DEBUG] [org.gradle.launcher.daemon.server.DaemonRegistryUpdater] Advertised daemon context: DefaultDaemonContext[uid=a702ece9-9e6f-4c71-aeb2-fcc89f0e9b85,javaHome=/Library/Java/JavaVirtualMachines/jdk-17.jdk/Contents/Home,daemonRegistryDir=/Users/electrozone/Backend/gradle/wrapper/daemon,pid=9671,idleTimeout=10800000,priority=NORMAL,daemonOpts=--add-opens,java.base/java.util=ALL-UNNAMED,--add-opens,java.base/java.lang=ALL-UNNAMED,--add-opens,java.base/java.lang.invoke=ALL-UNNAMED,--add-opens,java.base/java.util=ALL-UNNAMED,--add-opens,java.prefs/java.util.prefs=ALL-UNNAMED,--add-opens,java.prefs/java.util.prefs=ALL-UNNAMED,--add-opens,java.base/java.nio.charset=ALL-UNNAMED,--add-opens,java.base/java.net=ALL-UNNAMED,--add-opens,java.base/java.util.concurrent.atomic=ALL-UNNAMED,-XX:MaxMetaspaceSize=256m,-XX:+HeapDumpOnOutOfMemoryError,-Xms256m,-Xmx512m,-Dfile.encoding=UTF-8,-Duser.country=KR,-Duser.language=ko,-Duser.variant]
2024-02-04T17:38:54.858+0900 [DEBUG] [org.gradle.launcher.daemon.registry.PersistentDaemonRegistry] Storing daemon address: [612d5ab5-8c97-40e4-81bd-e2ed256784a2 port:59599, addresses:[localhost/127.0.0.1]], context: DefaultDaemonContext[uid=a702ece9-9e6f-4c71-aeb2-fcc89f0e9b85,javaHome=/Library/Java/JavaVirtualMachines/jdk-17.jdk/Contents/Home,daemonRegistryDir=/Users/electrozone/Backend/gradle/wrapper/daemon,pid=9671,idleTimeout=10800000,priority=NORMAL,daemonOpts=--add-opens,java.base/java.util=ALL-UNNAMED,--add-opens,java.base/java.lang=ALL-UNNAMED,--add-opens,java.base/java.lang.invoke=ALL-UNNAMED,--add-opens,java.base/java.util=ALL-UNNAMED,--add-opens,java.prefs/java.util.prefs=ALL-UNNAMED,--add-opens,java.prefs/java.util.prefs=ALL-UNNAMED,--add-opens,java.base/java.nio.charset=ALL-UNNAMED,--add-opens,java.base/java.net=ALL-UNNAMED,--add-opens,java.base/java.util.concurrent.atomic=ALL-UNNAMED,-XX:MaxMetaspaceSize=256m,-XX:+HeapDumpOnOutOfMemoryError,-Xms256m,-Xmx512m,-Dfile.encoding=UTF-8,-Duser.country=KR,-Duser.language=ko,-Duser.variant]
2024-02-04T17:38:54.865+0900 [DEBUG] [org.gradle.cache.internal.DefaultFileLockManager] Waiting to acquire exclusive lock on daemon addresses registry.
2024-02-04T17:38:54.867+0900 [DEBUG] [org.gradle.cache.internal.DefaultFileLockManager] Lock acquired on daemon addresses registry.
2024-02-04T17:38:54.869+0900 [DEBUG] [org.gradle.cache.internal.DefaultFileLockManager] Releasing lock on daemon addresses registry.
2024-02-04T17:38:54.869+0900 [LIFECYCLE] [org.gradle.launcher.daemon.server.Daemon] Daemon server started.
2024-02-04T17:38:54.869+0900 [DEBUG] [org.gradle.launcher.daemon.bootstrap.DaemonStartupCommunication] Completed writing the daemon greeting. Closing streams...
2024-02-04T17:38:54.871+0900 [DEBUG] [org.gradle.launcher.daemon.server.Daemon] stopOnExpiration() called on daemon
2024-02-04T17:38:54.871+0900 [DEBUG] [org.gradle.launcher.daemon.server.Daemon] awaitExpiration() called on daemon
2024-02-04T17:38:54.872+0900 [DEBUG] [org.gradle.launcher.daemon.server.DaemonStateCoordinator] daemon is running. Sleeping until state changes.
2024-02-04T17:38:54.874+0900 [DEBUG] [org.gradle.internal.remote.internal.inet.TcpIncomingConnector] Accepted connection from /127.0.0.1:59600 to /127.0.0.1:59599.
2024-02-04T17:38:54.897+0900 [DEBUG] [org.gradle.launcher.daemon.server.SynchronizedDispatchConnection] thread 21: received class org.gradle.launcher.daemon.protocol.Build
2024-02-04T17:38:54.897+0900 [DEBUG] [org.gradle.launcher.daemon.server.DefaultDaemonConnection] thread 21: Received non-IO message from client: Build{id=313a3cc9-1c48-4cd8-a69a-c98604f176f0, currentDir=/Users/electrozone/Backend}
2024-02-04T17:38:54.897+0900 [INFO] [org.gradle.launcher.daemon.server.DefaultIncomingConnectionHandler] Received command: Build{id=313a3cc9-1c48-4cd8-a69a-c98604f176f0, currentDir=/Users/electrozone/Backend}.
2024-02-04T17:38:54.897+0900 [DEBUG] [org.gradle.launcher.daemon.server.DefaultIncomingConnectionHandler] Starting executing command: Build{id=313a3cc9-1c48-4cd8-a69a-c98604f176f0, currentDir=/Users/electrozone/Backend} with connection: socket connection from /127.0.0.1:59599 to /127.0.0.1:59600.
2024-02-04T17:38:54.898+0900 [DEBUG] [org.gradle.launcher.daemon.server.DaemonStateCoordinator] Command execution: started DaemonCommandExecution[command = Build{id=313a3cc9-1c48-4cd8-a69a-c98604f176f0, currentDir=/Users/electrozone/Backend}, connection = DefaultDaemonConnection: socket connection from /127.0.0.1:59599 to /127.0.0.1:59600] after 0.0 minutes of idle
2024-02-04T17:38:54.898+0900 [INFO] [org.gradle.launcher.daemon.server.DaemonRegistryUpdater] Marking the daemon as busy, address: [612d5ab5-8c97-40e4-81bd-e2ed256784a2 port:59599, addresses:[localhost/127.0.0.1]]
2024-02-04T17:38:54.898+0900 [DEBUG] [org.gradle.launcher.daemon.registry.PersistentDaemonRegistry] Marking busy by address: [612d5ab5-8c97-40e4-81bd-e2ed256784a2 port:59599, addresses:[localhost/127.0.0.1]]
2024-02-04T17:38:54.898+0900 [DEBUG] [org.gradle.cache.internal.DefaultFileLockManager] Waiting to acquire exclusive lock on daemon addresses registry.
2024-02-04T17:38:54.899+0900 [DEBUG] [org.gradle.cache.internal.DefaultFileLockManager] Lock acquired on daemon addresses registry.
2024-02-04T17:38:54.899+0900 [DEBUG] [org.gradle.cache.internal.DefaultFileLockManager] Releasing lock on daemon addresses registry.
2024-02-04T17:38:54.899+0900 [DEBUG] [org.gradle.launcher.daemon.server.DaemonStateCoordinator] resetting idle timer
2024-02-04T17:38:54.899+0900 [DEBUG] [org.gradle.launcher.daemon.server.DaemonStateCoordinator] daemon is running. Sleeping until state changes.
2024-02-04T17:38:54.900+0900 [INFO] [org.gradle.launcher.daemon.server.exec.StartBuildOrRespondWithBusy] Daemon is about to start building Build{id=313a3cc9-1c48-4cd8-a69a-c98604f176f0, currentDir=/Users/electrozone/Backend}. Dispatching build started information...
2024-02-04T17:38:54.900+0900 [DEBUG] [org.gradle.launcher.daemon.server.SynchronizedDispatchConnection] thread 23: dispatching org.gradle.launcher.daemon.protocol.BuildStarted@3fd02394
2024-02-04T17:38:54.901+0900 [DEBUG] [org.gradle.launcher.daemon.server.exec.EstablishBuildEnvironment] Configuring env variables: [PATH, __CFBundleIdentifier, SHELL, MANPATH, HOMEBREW_CELLAR, OLDPWD, SECURITYSESSIONID, USER, HOMEBREW_PREFIX, COMMAND_MODE, LaunchInstanceID, TMPDIR, SSH_AUTH_SOCK, XPC_FLAGS, __CF_USER_TEXT_ENCODING, LOGNAME, HOMEBREW_REPOSITORY, LC_CTYPE, XPC_SERVICE_NAME, IDEA_INITIAL_DIRECTORY, INFOPATH, HOME]
2024-02-04T17:38:54.902+0900 [DEBUG] [org.gradle.launcher.daemon.server.SynchronizedDispatchConnection] thread 21: received class org.gradle.launcher.daemon.protocol.CloseInput
2024-02-04T17:38:54.902+0900 [DEBUG] [org.gradle.launcher.daemon.server.DefaultDaemonConnection] thread 21: Received IO message from client: org.gradle.launcher.daemon.protocol.CloseInput@46e9a74e
2024-02-04T17:38:54.902+0900 [DEBUG] [org.gradle.launcher.daemon.server.exec.LogToClient] About to start relaying all logs to the client via the connection.
2024-02-04T17:38:54.903+0900 [INFO] [org.gradle.launcher.daemon.server.exec.LogToClient] The client will now receive all logging from the daemon (pid: 9671). The daemon log file: /Users/electrozone/Backend/gradle/wrapper/daemon/7.3/daemon-9671.out.log
2024-02-04T17:38:54.903+0900 [INFO] [org.gradle.launcher.daemon.server.exec.LogAndCheckHealth] Starting build in new daemon [memory: 512 MiB]
2024-02-04T17:38:54.904+0900 [INFO] [org.gradle.launcher.daemon.server.exec.ForwardClientInput] Closing daemon's stdin at end of input.
2024-02-04T17:38:54.904+0900 [INFO] [org.gradle.launcher.daemon.server.exec.ForwardClientInput] The daemon will no longer process any standard input.
2024-02-04T17:38:54.905+0900 [DEBUG] [org.gradle.launcher.daemon.server.exec.ExecuteBuild] The daemon has started executing the build.
2024-02-04T17:38:54.905+0900 [DEBUG] [org.gradle.launcher.daemon.server.exec.ExecuteBuild] Executing build with daemon context: DefaultDaemonContext[uid=a702ece9-9e6f-4c71-aeb2-fcc89f0e9b85,javaHome=/Library/Java/JavaVirtualMachines/jdk-17.jdk/Contents/Home,daemonRegistryDir=/Users/electrozone/Backend/gradle/wrapper/daemon,pid=9671,idleTimeout=10800000,priority=NORMAL,daemonOpts=--add-opens,java.base/java.util=ALL-UNNAMED,--add-opens,java.base/java.lang=ALL-UNNAMED,--add-opens,java.base/java.lang.invoke=ALL-UNNAMED,--add-opens,java.base/java.util=ALL-UNNAMED,--add-opens,java.prefs/java.util.prefs=ALL-UNNAMED,--add-opens,java.prefs/java.util.prefs=ALL-UNNAMED,--add-opens,java.base/java.nio.charset=ALL-UNNAMED,--add-opens,java.base/java.net=ALL-UNNAMED,--add-opens,java.base/java.util.concurrent.atomic=ALL-UNNAMED,-XX:MaxMetaspaceSize=256m,-XX:+HeapDumpOnOutOfMemoryError,-Xms256m,-Xmx512m,-Dfile.encoding=UTF-8,-Duser.country=KR,-Duser.language=ko,-Duser.variant]

FAILURE: Build failed with an exception.

* Where:
Build file '/Users/electrozone/Backend/build.gradle' line: 3

* What went wrong:
An exception occurred applying plugin request [id: 'org.springframework.boot', version: '3.2.1']
> Failed to apply plugin 'org.springframework.boot'.
   > Spring Boot plugin requires Gradle 7.x (7.4 or later). The current version is Gradle 7.3

* Try:
> Run with --stacktrace option to get the stack trace.
> Run with --info or --debug option to get more log output.
> Run with --scan to get full insights.

* Get more help at https://help.gradle.org

CONFIGURE FAILED in 17s
2024-02-04T17:39:10.710+0900 [DEBUG] [org.gradle.launcher.daemon.server.exec.ExecuteBuild] The daemon has finished executing the build.
2024-02-04T17:39:10.720+0900 [DEBUG] [org.gradle.launcher.daemon.server.DaemonStateCoordinator] daemon is running. Sleeping until state changes.
2024-02-04T17:39:10.720+0900 [DEBUG] [org.gradle.launcher.daemon.server.DaemonStateCoordinator] Command execution: finished waiting for DaemonCommandExecution[command = Build{id=313a3cc9-1c48-4cd8-a69a-c98604f176f0, currentDir=/Users/electrozone/Backend}, connection = DefaultDaemonConnection: socket connection from /127.0.0.1:59599 to /127.0.0.1:59600]. Result org.gradle.launcher.daemon.server.DaemonStateCoordinator@2523e680 with state Busy
2024-02-04T17:39:10.721+0900 [DEBUG] [org.gradle.launcher.daemon.server.DaemonStateCoordinator] Command execution: completed DaemonCommandExecution[command = Build{id=313a3cc9-1c48-4cd8-a69a-c98604f176f0, currentDir=/Users/electrozone/Backend}, connection = DefaultDaemonConnection: socket connection from /127.0.0.1:59599 to /127.0.0.1:59600]
2024-02-04T17:39:10.721+0900 [DEBUG] [org.gradle.launcher.daemon.server.DaemonStateCoordinator] resetting idle timer
2024-02-04T17:39:10.721+0900 [INFO] [org.gradle.launcher.daemon.server.DaemonRegistryUpdater] Marking the daemon as idle, address: [612d5ab5-8c97-40e4-81bd-e2ed256784a2 port:59599, addresses:[localhost/127.0.0.1]]
2024-02-04T17:39:10.721+0900 [DEBUG] [org.gradle.launcher.daemon.registry.PersistentDaemonRegistry] Marking busy by address: [612d5ab5-8c97-40e4-81bd-e2ed256784a2 port:59599, addresses:[localhost/127.0.0.1]]
2024-02-04T17:39:10.721+0900 [DEBUG] [org.gradle.cache.internal.DefaultFileLockManager] Waiting to acquire exclusive lock on daemon addresses registry.
2024-02-04T17:39:10.721+0900 [DEBUG] [org.gradle.cache.internal.DefaultFileLockManager] Lock acquired on daemon addresses registry.
2024-02-04T17:39:10.721+0900 [DEBUG] [org.gradle.cache.internal.DefaultFileLockManager] Releasing lock on daemon addresses registry.
2024-02-04T17:39:10.722+0900 [DEBUG] [org.gradle.launcher.daemon.server.DaemonStateCoordinator] daemon is running. Sleeping until state changes.
2024-02-04T17:39:10.722+0900 [DEBUG] [org.gradle.launcher.daemon.server.exec.ReturnResult] Daemon is dispatching the build result: Success[value=org.gradle.launcher.exec.BuildActionResult@4976b76b]
2024-02-04T17:39:10.722+0900 [DEBUG] [org.gradle.launcher.daemon.server.SynchronizedDispatchConnection] thread 20: dispatching Success[value=org.gradle.launcher.exec.BuildActionResult@4976b76b]
2024-02-04T17:39:10.724+0900 [DEBUG] [org.gradle.launcher.daemon.server.DefaultIncomingConnectionHandler] Finishing executing command: Build{id=313a3cc9-1c48-4cd8-a69a-c98604f176f0, currentDir=/Users/electrozone/Backend}
2024-02-04T17:39:10.725+0900 [DEBUG] [org.gradle.launcher.daemon.server.SynchronizedDispatchConnection] thread 21: received class org.gradle.launcher.daemon.protocol.Finished
2024-02-04T17:39:10.725+0900 [DEBUG] [org.gradle.launcher.daemon.server.DefaultDaemonConnection] thread 21: Received non-IO message from client: org.gradle.launcher.daemon.protocol.Finished@19f384b4
2024-02-04T17:39:10.725+0900 [DEBUG] [org.gradle.launcher.daemon.server.DefaultIncomingConnectionHandler] Received finished message: org.gradle.launcher.daemon.protocol.Finished@19f384b4
2024-02-04T17:39:10.726+0900 [DEBUG] [org.gradle.internal.remote.internal.inet.SocketConnection] Discarding EOFException: java.io.EOFException
2024-02-04T17:39:10.726+0900 [DEBUG] [org.gradle.launcher.daemon.server.SynchronizedDispatchConnection] thread 20: stopping connection
2024-02-04T17:39:10.726+0900 [DEBUG] [org.gradle.launcher.daemon.server.SynchronizedDispatchConnection] thread 21: received null
2024-02-04T17:39:10.727+0900 [DEBUG] [org.gradle.launcher.daemon.server.DefaultDaemonConnection] thread 21: Received end-of-input from client.
2024-02-04T17:39:10.729+0900 [DEBUG] [org.gradle.launcher.daemon.server.SynchronizedDispatchConnection] thread 20: stopping connection
2024-02-04T17:39:14.880+0900 [DEBUG] [org.gradle.cache.internal.DefaultFileLockManager] Waiting to acquire shared lock on daemon addresses registry.
2024-02-04T17:39:14.883+0900 [DEBUG] [org.gradle.cache.internal.DefaultFileLockManager] Lock acquired on daemon addresses registry.
2024-02-04T17:39:14.885+0900 [DEBUG] [org.gradle.cache.internal.DefaultFileLockManager] Releasing lock on daemon addresses registry.
2024-02-04T17:39:14.888+0900 [DEBUG] [org.gradle.cache.internal.DefaultFileLockManager] Waiting to acquire shared lock on daemon addresses registry.
2024-02-04T17:39:14.888+0900 [DEBUG] [org.gradle.cache.internal.DefaultFileLockManager] Lock acquired on daemon addresses registry.
2024-02-04T17:39:14.888+0900 [DEBUG] [org.gradle.cache.internal.DefaultFileLockManager] Releasing lock on daemon addresses registry.
2024-02-04T17:39:24.876+0900 [DEBUG] [org.gradle.cache.internal.DefaultFileLockManager] Waiting to acquire shared lock on daemon addresses registry.
2024-02-04T17:39:24.877+0900 [DEBUG] [org.gradle.cache.internal.DefaultFileLockManager] Lock acquired on daemon addresses registry.
2024-02-04T17:39:24.877+0900 [DEBUG] [org.gradle.cache.internal.DefaultFileLockManager] Releasing lock on daemon addresses registry.
2024-02-04T17:39:24.878+0900 [DEBUG] [org.gradle.cache.internal.DefaultFileLockManager] Waiting to acquire shared lock on daemon addresses registry.
2024-02-04T17:39:24.878+0900 [DEBUG] [org.gradle.cache.internal.DefaultFileLockManager] Lock acquired on daemon addresses registry.
2024-02-04T17:39:24.878+0900 [DEBUG] [org.gradle.cache.internal.DefaultFileLockManager] Releasing lock on daemon addresses registry.
2024-02-04T17:39:24.879+0900 [DEBUG] [org.gradle.cache.internal.DefaultFileLockManager] Waiting to acquire shared lock on daemon addresses registry.
2024-02-04T17:39:24.879+0900 [DEBUG] [org.gradle.cache.internal.DefaultFileLockManager] Lock acquired on daemon addresses registry.
2024-02-04T17:39:24.880+0900 [DEBUG] [org.gradle.cache.internal.DefaultFileLockManager] Releasing lock on daemon addresses registry.
2024-02-04T17:39:24.880+0900 [DEBUG] [org.gradle.cache.internal.DefaultFileLockManager] Waiting to acquire shared lock on daemon addresses registry.
2024-02-04T17:39:24.880+0900 [DEBUG] [org.gradle.cache.internal.DefaultFileLockManager] Lock acquired on daemon addresses registry.
2024-02-04T17:39:24.880+0900 [DEBUG] [org.gradle.cache.internal.DefaultFileLockManager] Releasing lock on daemon addresses registry.
2024-02-04T17:39:24.881+0900 [DEBUG] [org.gradle.launcher.daemon.server.DaemonRegistryUpdater] Storing daemon stop event: other compatible daemons were started and after being idle for 0 minutes and not recently used
2024-02-04T17:39:24.884+0900 [DEBUG] [org.gradle.launcher.daemon.registry.PersistentDaemonRegistry] Storing daemon stop event with timestamp 1707035964881
2024-02-04T17:39:24.885+0900 [DEBUG] [org.gradle.cache.internal.DefaultFileLockManager] Waiting to acquire exclusive lock on daemon addresses registry.
2024-02-04T17:39:24.886+0900 [DEBUG] [org.gradle.cache.internal.DefaultFileLockManager] Lock acquired on daemon addresses registry.
2024-02-04T17:39:24.887+0900 [DEBUG] [org.gradle.cache.internal.DefaultFileLockManager] Releasing lock on daemon addresses registry.
2024-02-04T17:39:24.887+0900 [LIFECYCLE] [org.gradle.launcher.daemon.server.DaemonStateCoordinator] Daemon will be stopped at the end of the build other compatible daemons were started and after being idle for 0 minutes and not recently used
2024-02-04T17:39:24.887+0900 [DEBUG] [org.gradle.launcher.daemon.server.DaemonStateCoordinator] Marking daemon stopped due to other compatible daemons were started and after being idle for 0 minutes and not recently used. The daemon is running a build: false
2024-02-04T17:39:24.887+0900 [DEBUG] [org.gradle.launcher.daemon.server.DaemonStateCoordinator] daemon has stopped.
2024-02-04T17:39:24.888+0900 [DEBUG] [org.gradle.launcher.daemon.server.Daemon] stop() called on daemon
2024-02-04T17:39:24.888+0900 [INFO] [org.gradle.launcher.daemon.server.Daemon] Stop requested. Daemon is removing its presence from the registry...
2024-02-04T17:39:24.888+0900 [DEBUG] [org.gradle.launcher.daemon.server.DaemonRegistryUpdater] Removing our presence to clients, eg. removing this address from the registry: [612d5ab5-8c97-40e4-81bd-e2ed256784a2 port:59599, addresses:[localhost/127.0.0.1]]
2024-02-04T17:39:24.889+0900 [DEBUG] [org.gradle.launcher.daemon.registry.PersistentDaemonRegistry] Removing daemon address: [612d5ab5-8c97-40e4-81bd-e2ed256784a2 port:59599, addresses:[localhost/127.0.0.1]]
2024-02-04T17:39:24.889+0900 [DEBUG] [org.gradle.cache.internal.DefaultFileLockManager] Waiting to acquire exclusive lock on daemon addresses registry.
2024-02-04T17:39:24.890+0900 [DEBUG] [org.gradle.cache.internal.DefaultFileLockManager] Lock acquired on daemon addresses registry.
2024-02-04T17:39:24.890+0900 [DEBUG] [org.gradle.cache.internal.DefaultFileLockManager] Releasing lock on daemon addresses registry.
2024-02-04T17:39:24.890+0900 [DEBUG] [org.gradle.launcher.daemon.server.DaemonRegistryUpdater] Address removed from registry.
2024-02-04T17:39:24.894+0900 [DEBUG] [org.gradle.cache.internal.LockOnDemandCrossProcessCacheAccess] Releasing file lock for jars (/Users/electrozone/Backend/gradle/wrapper/caches/jars-9)
2024-02-04T17:39:24.895+0900 [DEBUG] [org.gradle.cache.internal.DefaultFileLockManager] Releasing lock on jars (/Users/electrozone/Backend/gradle/wrapper/caches/jars-9).
2024-02-04T17:39:24.895+0900 [DEBUG] [org.gradle.cache.internal.DefaultPersistentDirectoryStore] jars (/Users/electrozone/Backend/gradle/wrapper/caches/jars-9) has last been fully cleaned up 44 hours ago
2024-02-04T17:39:24.904+0900 [INFO] [org.gradle.cache.internal.AbstractCacheCleanup] jars (/Users/electrozone/Backend/gradle/wrapper/caches/jars-9) cleanup deleted 0 files/directories.
2024-02-04T17:39:24.904+0900 [INFO] [org.gradle.cache.internal.LeastRecentlyUsedCacheCleanup] jars (/Users/electrozone/Backend/gradle/wrapper/caches/jars-9) removing files not accessed on or after Sun Jan 28 17:38:55 KST 2024.
2024-02-04T17:39:24.916+0900 [INFO] [org.gradle.cache.internal.AbstractCacheCleanup] jars (/Users/electrozone/Backend/gradle/wrapper/caches/jars-9) cleanup deleted 0 files/directories.
2024-02-04T17:39:24.918+0900 [INFO] [org.gradle.cache.internal.DefaultPersistentDirectoryStore] jars (/Users/electrozone/Backend/gradle/wrapper/caches/jars-9) cleaned up in 0.022 secs.
2024-02-04T17:39:24.918+0900 [DEBUG] [org.gradle.cache.internal.DefaultCacheAccess] Cache jars (/Users/electrozone/Backend/gradle/wrapper/caches/jars-9) was closed 6 times.
2024-02-04T17:39:24.919+0900 [DEBUG] [org.gradle.cache.internal.LockOnDemandCrossProcessCacheAccess] Releasing file lock for file content cache (/Users/electrozone/Backend/gradle/wrapper/caches/7.3/fileContent)
2024-02-04T17:39:24.919+0900 [DEBUG] [org.gradle.cache.internal.DefaultFileLockManager] Releasing lock on file content cache (/Users/electrozone/Backend/gradle/wrapper/caches/7.3/fileContent).
2024-02-04T17:39:24.919+0900 [DEBUG] [org.gradle.cache.internal.DefaultCacheAccess] Cache file content cache (/Users/electrozone/Backend/gradle/wrapper/caches/7.3/fileContent) was closed 2 times.
2024-02-04T17:39:24.920+0900 [DEBUG] [org.gradle.internal.watch.vfs.impl.WatchingVirtualFileSystem] Closing VFS, dropping state
2024-02-04T17:39:24.921+0900 [DEBUG] [org.gradle.internal.watch.registry.impl.DefaultFileWatcherRegistry] Finished listening to file system change events
2024-02-04T17:39:24.921+0900 [DEBUG] [org.gradle.cache.internal.DefaultPersistentDirectoryStore] Artifact transforms cache (/Users/electrozone/Backend/gradle/wrapper/caches/transforms-3) has last been fully cleaned up 44 hours ago
2024-02-04T17:39:24.921+0900 [INFO] [org.gradle.cache.internal.LeastRecentlyUsedCacheCleanup] Artifact transforms cache (/Users/electrozone/Backend/gradle/wrapper/caches/transforms-3) removing files not accessed on or after Sun Jan 28 17:38:56 KST 2024.
2024-02-04T17:39:24.921+0900 [INFO] [org.gradle.cache.internal.AbstractCacheCleanup] Artifact transforms cache (/Users/electrozone/Backend/gradle/wrapper/caches/transforms-3) cleanup deleted 0 files/directories.
2024-02-04T17:39:24.921+0900 [INFO] [org.gradle.cache.internal.DefaultPersistentDirectoryStore] Artifact transforms cache (/Users/electrozone/Backend/gradle/wrapper/caches/transforms-3) cleaned up in 0.0 secs.
2024-02-04T17:39:24.921+0900 [DEBUG] [org.gradle.cache.internal.DefaultCacheAccess] Cache Artifact transforms cache (/Users/electrozone/Backend/gradle/wrapper/caches/transforms-3) was closed 0 times.
2024-02-04T17:39:24.922+0900 [DEBUG] [org.gradle.cache.internal.LockOnDemandCrossProcessCacheAccess] Releasing file lock for artifact cache (/Users/electrozone/Backend/gradle/wrapper/caches/modules-2)
2024-02-04T17:39:24.922+0900 [DEBUG] [org.gradle.cache.internal.DefaultFileLockManager] Releasing lock on artifact cache (/Users/electrozone/Backend/gradle/wrapper/caches/modules-2).
2024-02-04T17:39:24.922+0900 [DEBUG] [org.gradle.cache.internal.DefaultPersistentDirectoryStore] artifact cache (/Users/electrozone/Backend/gradle/wrapper/caches/modules-2) has last been fully cleaned up 44 hours ago
2024-02-04T17:39:24.922+0900 [INFO] [org.gradle.cache.internal.AbstractCacheCleanup] artifact cache (/Users/electrozone/Backend/gradle/wrapper/caches/modules-2) cleanup deleted 0 files/directories.
2024-02-04T17:39:24.923+0900 [INFO] [org.gradle.cache.internal.AbstractCacheCleanup] artifact cache (/Users/electrozone/Backend/gradle/wrapper/caches/modules-2) [subdir: /Users/electrozone/Backend/gradle/wrapper/caches/modules-2/resources-2.1] cleanup deleted 0 files/directories.
2024-02-04T17:39:24.923+0900 [INFO] [org.gradle.cache.internal.LeastRecentlyUsedCacheCleanup] artifact cache (/Users/electrozone/Backend/gradle/wrapper/caches/modules-2) [subdir: /Users/electrozone/Backend/gradle/wrapper/caches/modules-2/resources-2.1] removing files not accessed on or after Fri Jan 05 17:39:02 KST 2024.
2024-02-04T17:39:24.923+0900 [INFO] [org.gradle.cache.internal.AbstractCacheCleanup] artifact cache (/Users/electrozone/Backend/gradle/wrapper/caches/modules-2) [subdir: /Users/electrozone/Backend/gradle/wrapper/caches/modules-2/resources-2.1] cleanup deleted 0 files/directories.
2024-02-04T17:39:24.923+0900 [INFO] [org.gradle.cache.internal.AbstractCacheCleanup] artifact cache (/Users/electrozone/Backend/gradle/wrapper/caches/modules-2) [subdir: /Users/electrozone/Backend/gradle/wrapper/caches/modules-2/files-2.1] cleanup deleted 0 files/directories.
2024-02-04T17:39:24.923+0900 [INFO] [org.gradle.cache.internal.LeastRecentlyUsedCacheCleanup] artifact cache (/Users/electrozone/Backend/gradle/wrapper/caches/modules-2) [subdir: /Users/electrozone/Backend/gradle/wrapper/caches/modules-2/files-2.1] removing files not accessed on or after Fri Jan 05 17:39:02 KST 2024.
2024-02-04T17:39:24.971+0900 [INFO] [org.gradle.cache.internal.AbstractCacheCleanup] artifact cache (/Users/electrozone/Backend/gradle/wrapper/caches/modules-2) [subdir: /Users/electrozone/Backend/gradle/wrapper/caches/modules-2/files-2.1] cleanup deleted 0 files/directories.
2024-02-04T17:39:24.972+0900 [INFO] [org.gradle.cache.internal.AbstractCacheCleanup] artifact cache (/Users/electrozone/Backend/gradle/wrapper/caches/modules-2) [subdir: /Users/electrozone/Backend/gradle/wrapper/caches/modules-2/metadata-2.97] cleanup deleted 0 files/directories.
2024-02-04T17:39:24.972+0900 [INFO] [org.gradle.cache.internal.DefaultPersistentDirectoryStore] artifact cache (/Users/electrozone/Backend/gradle/wrapper/caches/modules-2) cleaned up in 0.049 secs.
2024-02-04T17:39:24.972+0900 [DEBUG] [org.gradle.cache.internal.DefaultCacheAccess] Cache artifact cache (/Users/electrozone/Backend/gradle/wrapper/caches/modules-2) was closed 6 times.
2024-02-04T17:39:24.972+0900 [DEBUG] [org.gradle.cache.internal.LockOnDemandCrossProcessCacheAccess] Releasing file lock for journal cache (/Users/electrozone/Backend/gradle/wrapper/caches/journal-1)
2024-02-04T17:39:24.972+0900 [DEBUG] [org.gradle.cache.internal.btree.BTreePersistentIndexedCache] Closing cache file-access.bin (/Users/electrozone/Backend/gradle/wrapper/caches/journal-1/file-access.bin)
2024-02-04T17:39:24.972+0900 [DEBUG] [org.gradle.cache.internal.DefaultFileLockManager] Releasing lock on journal cache (/Users/electrozone/Backend/gradle/wrapper/caches/journal-1).
2024-02-04T17:39:24.972+0900 [DEBUG] [org.gradle.cache.internal.DefaultCacheAccess] Cache journal cache (/Users/electrozone/Backend/gradle/wrapper/caches/journal-1) was closed 10 times.
2024-02-04T17:39:24.972+0900 [DEBUG] [org.gradle.cache.internal.LockOnDemandCrossProcessCacheAccess] Releasing file lock for file hash cache (/Users/electrozone/Backend/gradle/wrapper/caches/7.3/fileHashes)
2024-02-04T17:39:24.972+0900 [DEBUG] [org.gradle.cache.internal.btree.BTreePersistentIndexedCache] Closing cache fileHashes.bin (/Users/electrozone/Backend/gradle/wrapper/caches/7.3/fileHashes/fileHashes.bin)
2024-02-04T17:39:24.972+0900 [DEBUG] [org.gradle.cache.internal.btree.BTreePersistentIndexedCache] Closing cache resourceHashesCache.bin (/Users/electrozone/Backend/gradle/wrapper/caches/7.3/fileHashes/resourceHashesCache.bin)
2024-02-04T17:39:24.973+0900 [DEBUG] [org.gradle.cache.internal.DefaultFileLockManager] Releasing lock on file hash cache (/Users/electrozone/Backend/gradle/wrapper/caches/7.3/fileHashes).
2024-02-04T17:39:24.973+0900 [DEBUG] [org.gradle.cache.internal.DefaultCacheAccess] Cache file hash cache (/Users/electrozone/Backend/gradle/wrapper/caches/7.3/fileHashes) was closed 6 times.
2024-02-04T17:39:24.973+0900 [DEBUG] [org.gradle.cache.internal.DefaultCacheAccess] Cache Generated Gradle JARs cache (/Users/electrozone/Backend/gradle/wrapper/caches/7.3/generated-gradle-jars) was closed 0 times.
2024-02-04T17:39:24.976+0900 [DEBUG] [org.gradle.cache.internal.VersionSpecificCacheCleanupAction] Processed version-specific caches at /Users/electrozone/Backend/gradle/wrapper/caches for cleanup in 0.003 secs
Daemon vm is shutting down... The daemon has exited normally or was terminated in response to a user interrupt.
2024-02-04T17:39:24.985+0900 [DEBUG] [org.gradle.launcher.daemon.registry.PersistentDaemonRegistry] Removing daemon address: [612d5ab5-8c97-40e4-81bd-e2ed256784a2 port:59599, addresses:[localhost/127.0.0.1]]
2024-02-04T17:39:24.986+0900 [DEBUG] [org.gradle.cache.internal.DefaultFileLockManager] Waiting to acquire exclusive lock on daemon addresses registry.
2024-02-04T17:39:24.986+0900 [DEBUG] [org.gradle.cache.internal.DefaultFileLockManager] Lock acquired on daemon addresses registry.
2024-02-04T17:39:24.986+0900 [DEBUG] [org.gradle.cache.internal.DefaultFileLockManager] Releasing lock on daemon addresses registry.
